<?xml version="1.0" encoding="UTF-8"?>
<!-- Generated by org.testng.reporters.JUnitReportReporter -->
<testsuite hostname="DESKTOP-FO2N1H3" failures="0" tests="2" name="com.training.jenkins.JenkinsCalTest" time="0.007" errors="0" timestamp="17 Jul 2022 18:22:19 GMT" skipped="0">
  <testcase classname="com.training.jenkins.JenkinsCalTest" name="testAddNum" time="0.004"/>
  <testcase classname="com.training.jenkins.JenkinsCalTest" name="testMulNum" time="0.003"/>
</testsuite> <!-- com.training.jenkins.JenkinsCalTest -->
